160812 14:37:34 [Note] Plugin 'FEDERATED' is disabled.
160812 14:37:34 InnoDB: The InnoDB memory heap is disabled
160812 14:37:34 InnoDB: Mutexes and rw_locks use Windows interlocked functions
160812 14:37:34 InnoDB: Compressed tables use zlib 1.2.3
160812 14:37:34 InnoDB: Initializing buffer pool, size = 16.0M
160812 14:37:34 InnoDB: Completed initialization of buffer pool
InnoDB: The first specified data file C:\JUDGER\core\mysql\data\ibdata1 did not exist:
InnoDB: a new database to be created!
160812 14:37:34  InnoDB: Setting file C:\JUDGER\core\mysql\data\ibdata1 size to 10 MB
InnoDB: Database physically writes the file full: wait...
160812 14:37:34  InnoDB: Log file C:\JUDGER\core\mysql\data\ib_logfile0 did not exist: new to be created
InnoDB: Setting log file C:\JUDGER\core\mysql\data\ib_logfile0 size to 5 MB
InnoDB: Database physically writes the file full: wait...
160812 14:37:34  InnoDB: Log file C:\JUDGER\core\mysql\data\ib_logfile1 did not exist: new to be created
InnoDB: Setting log file C:\JUDGER\core\mysql\data\ib_logfile1 size to 5 MB
InnoDB: Database physically writes the file full: wait...
InnoDB: Doublewrite buffer not found: creating new
InnoDB: Doublewrite buffer created
InnoDB: 127 rollback segment(s) active.
InnoDB: Creating foreign key constraint system tables
InnoDB: Foreign key constraint system tables created
160812 14:37:35  InnoDB: Waiting for the background threads to start
160812 14:37:36 InnoDB: 5.5.41 started; log sequence number 0
160812 14:37:36 [Note] Server hostname (bind-address): '127.0.0.1'; port: 3306
160812 14:37:36 [Note]   - '127.0.0.1' resolves to '127.0.0.1';
160812 14:37:36 [Note] Server socket created on IP: '127.0.0.1'.
160812 14:37:36 [Note] Event Scheduler: Loaded 0 events
160812 14:37:36 [Note] C:\JUDGER\core\mysql\bin\mysqld_z.exe: ready for connections.
Version: '5.5.41'  socket: ''  port: 3306  MySQL Community Server (GPL)
160815 15:35:22 [Note] Plugin 'FEDERATED' is disabled.
160815 15:35:22 InnoDB: The InnoDB memory heap is disabled
160815 15:35:22 InnoDB: Mutexes and rw_locks use Windows interlocked functions
160815 15:35:22 InnoDB: Compressed tables use zlib 1.2.3
160815 15:35:22 InnoDB: Initializing buffer pool, size = 16.0M
160815 15:35:22 InnoDB: Completed initialization of buffer pool
160815 15:35:22 InnoDB: highest supported file format is Barracuda.
InnoDB: The log sequence number in ibdata files does not match
InnoDB: the log sequence number in the ib_logfiles!
160815 15:35:22  InnoDB: Database was not shut down normally!
InnoDB: Starting crash recovery.
InnoDB: Reading tablespace information from the .ibd files...
InnoDB: Restoring possible half-written data pages from the doublewrite
InnoDB: buffer...
160815 15:35:22  InnoDB: Waiting for the background threads to start
160815 15:35:23 InnoDB: 5.5.41 started; log sequence number 1595675
160815 15:35:23 [Note] Server hostname (bind-address): '127.0.0.1'; port: 3306
160815 15:35:23 [Note]   - '127.0.0.1' resolves to '127.0.0.1';
160815 15:35:23 [Note] Server socket created on IP: '127.0.0.1'.
160815 15:35:23 [Note] Event Scheduler: Loaded 0 events
160815 15:35:23 [Note] C:\JUDGER\core\mysql\bin\mysqld_z.exe: ready for connections.
Version: '5.5.41'  socket: ''  port: 3306  MySQL Community Server (GPL)
160817 13:49:08 [Note] Plugin 'FEDERATED' is disabled.
160817 13:49:08 InnoDB: The InnoDB memory heap is disabled
160817 13:49:08 InnoDB: Mutexes and rw_locks use Windows interlocked functions
160817 13:49:08 InnoDB: Compressed tables use zlib 1.2.3
160817 13:49:08 InnoDB: Initializing buffer pool, size = 16.0M
160817 13:49:08 InnoDB: Completed initialization of buffer pool
160817 13:49:09 InnoDB: highest supported file format is Barracuda.
InnoDB: The log sequence number in ibdata files does not match
InnoDB: the log sequence number in the ib_logfiles!
160817 13:49:09  InnoDB: Database was not shut down normally!
InnoDB: Starting crash recovery.
InnoDB: Reading tablespace information from the .ibd files...
InnoDB: Restoring possible half-written data pages from the doublewrite
InnoDB: buffer...
160817 13:49:09  InnoDB: Waiting for the background threads to start
160817 13:49:10 InnoDB: 5.5.41 started; log sequence number 1595675
160817 13:49:10 [Note] Server hostname (bind-address): '127.0.0.1'; port: 3306
160817 13:49:10 [Note]   - '127.0.0.1' resolves to '127.0.0.1';
160817 13:49:10 [Note] Server socket created on IP: '127.0.0.1'.
160817 13:49:10 [Note] Event Scheduler: Loaded 0 events
160817 13:49:10 [Note] C:\JUDGER\core\mysql\bin\mysqld_z.exe: ready for connections.
Version: '5.5.41'  socket: ''  port: 3306  MySQL Community Server (GPL)
160819 20:33:09 [Note] Plugin 'FEDERATED' is disabled.
160819 20:33:09 InnoDB: The InnoDB memory heap is disabled
160819 20:33:09 InnoDB: Mutexes and rw_locks use Windows interlocked functions
160819 20:33:09 InnoDB: Compressed tables use zlib 1.2.3
160819 20:33:09 InnoDB: Initializing buffer pool, size = 16.0M
160819 20:33:09 InnoDB: Completed initialization of buffer pool
160819 20:33:09 InnoDB: highest supported file format is Barracuda.
InnoDB: The log sequence number in ibdata files does not match
InnoDB: the log sequence number in the ib_logfiles!
160819 20:33:09  InnoDB: Database was not shut down normally!
InnoDB: Starting crash recovery.
InnoDB: Reading tablespace information from the .ibd files...
InnoDB: Restoring possible half-written data pages from the doublewrite
InnoDB: buffer...
160819 20:33:09  InnoDB: Waiting for the background threads to start
160819 20:33:10 InnoDB: 5.5.41 started; log sequence number 1595675
160819 20:33:10 [Note] Server hostname (bind-address): '127.0.0.1'; port: 3306
160819 20:33:10 [Note]   - '127.0.0.1' resolves to '127.0.0.1';
160819 20:33:10 [Note] Server socket created on IP: '127.0.0.1'.
160819 20:33:10 [Note] Event Scheduler: Loaded 0 events
160819 20:33:10 [Note] C:\JUDGER\core\mysql\bin\mysqld_z.exe: ready for connections.
Version: '5.5.41'  socket: ''  port: 3306  MySQL Community Server (GPL)
160829 15:25:30 [Note] Plugin 'FEDERATED' is disabled.
160829 15:25:30 InnoDB: The InnoDB memory heap is disabled
160829 15:25:30 InnoDB: Mutexes and rw_locks use Windows interlocked functions
160829 15:25:30 InnoDB: Compressed tables use zlib 1.2.3
160829 15:25:30 InnoDB: Initializing buffer pool, size = 16.0M
160829 15:25:30 InnoDB: Completed initialization of buffer pool
160829 15:25:30 InnoDB: highest supported file format is Barracuda.
InnoDB: The log sequence number in ibdata files does not match
InnoDB: the log sequence number in the ib_logfiles!
160829 15:25:30  InnoDB: Database was not shut down normally!
InnoDB: Starting crash recovery.
InnoDB: Reading tablespace information from the .ibd files...
InnoDB: Restoring possible half-written data pages from the doublewrite
InnoDB: buffer...
160829 15:25:30  InnoDB: Waiting for the background threads to start
160829 15:25:31 InnoDB: 5.5.41 started; log sequence number 1595675
160829 15:25:31 [Note] Server hostname (bind-address): '127.0.0.1'; port: 3306
160829 15:25:31 [Note]   - '127.0.0.1' resolves to '127.0.0.1';
160829 15:25:31 [Note] Server socket created on IP: '127.0.0.1'.
160829 15:25:31 [Note] Event Scheduler: Loaded 0 events
160829 15:25:31 [Note] C:\JUDGER\core\mysql\bin\mysqld_z.exe: ready for connections.
Version: '5.5.41'  socket: ''  port: 3306  MySQL Community Server (GPL)
170820  9:38:31 [Note] Plugin 'FEDERATED' is disabled.
170820  9:38:31 InnoDB: The InnoDB memory heap is disabled
170820  9:38:31 InnoDB: Mutexes and rw_locks use Windows interlocked functions
170820  9:38:31 InnoDB: Compressed tables use zlib 1.2.3
170820  9:38:31 InnoDB: Initializing buffer pool, size = 16.0M
170820  9:38:31 InnoDB: Completed initialization of buffer pool
170820  9:38:31 InnoDB: highest supported file format is Barracuda.
InnoDB: The log sequence number in ibdata files does not match
InnoDB: the log sequence number in the ib_logfiles!
170820  9:38:31  InnoDB: Database was not shut down normally!
InnoDB: Starting crash recovery.
InnoDB: Reading tablespace information from the .ibd files...
InnoDB: Restoring possible half-written data pages from the doublewrite
InnoDB: buffer...
170820  9:38:31  InnoDB: Waiting for the background threads to start
170820  9:38:32 InnoDB: 5.5.41 started; log sequence number 1595675
170820  9:38:32 [Note] Server hostname (bind-address): '127.0.0.1'; port: 3306
170820  9:38:32 [Note]   - '127.0.0.1' resolves to '127.0.0.1';
170820  9:38:32 [Note] Server socket created on IP: '127.0.0.1'.
170820  9:38:32 [Note] Event Scheduler: Loaded 0 events
170820  9:38:32 [Note] C:\JUDGER\core\mysql\bin\mysqld_z.exe: ready for connections.
Version: '5.5.41'  socket: ''  port: 3306  MySQL Community Server (GPL)
